=== COMPREHENSIVE NLP PIPELINE PERFORMANCE REPORT ===
Generated on: Thu Oct 02 22:03:07 ICT 2025
Records processed: 30000

--- DETAILED STAGE-BY-STAGE PERFORMANCE ---
Stage 1 - Spark Initialization: 10.113 seconds (32.1%)
Stage 2 - Data Reading: 3.407 seconds (10.8%)
Stage 3 - Pipeline Creation: 0.063 seconds (0.2%)
Stage 4 - Pipeline Training: 8.708 seconds (27.6%)
Stage 5 - Data Transformation: 8.269 seconds (26.2%)
Stage 6 - Vocabulary Analysis: 0.919 seconds (2.9%)
Stage 7 - Results Collection: 0.066 seconds (0.2%)

--- PERFORMANCE SUMMARY ---
Total Processing Time: 31.545 seconds
Overall Throughput: 951 records/second
Training Throughput: 3445 records/second
Transform Throughput: 3628 records/second

--- DATA STATISTICS ---
Vocabulary size (unique terms): 187214
Feature vector dimensions: 20000
Vocabulary density: 6.24 unique terms/document
Raw TF-IDF L2 norm (sample): 39.128429
Normalized L2 norm (sample): 1.000000
Normalization: L2 (Euclidean) normalization applied

--- FILE LOCATIONS ---
Log file: E:\NLP\spark_labs\log\lab17_metrics.log

For real-time monitoring, access Spark UI at: http://localhost:4040
